This is pdfTeX, Version 3.14159265-2.6-1.40.19 (TeX Live 2018/Arch Linux) (preloaded format=pdflatex 2019.1.13)  15 JAN 2019 16:40
entering extended mode
 restricted \write18 enabled.
 %&-line parsing enabled.
**main.tex
(./main.tex
LaTeX2e <2018-04-01> patch level 5
(/usr/share/texmf-dist/tex/latex/nag/nag.sty
Package: nag 2011/11/25 0.7 warning about old commands (ulmi)
\c@nag@c=\count80
\c@nag@sins=\count81
Package nag Info: Loaded nag-l2tabu.cfg  on input line 552.

(/usr/share/texmf-dist/tex/latex/nag/nag-l2tabu.cfg
File: nag-l2tabu.cfg 2010/05/17 v2.11 l2tabu rules for nag.sty (ulmi)
)
Package nag Info: Loaded nag-orthodox.cfg  on input line 552.

(/usr/share/texmf-dist/tex/latex/nag/nag-orthodox.cfg
File: nag-orthodox.cfg 2006/04/19 v1.8 strict rules for nag.sty (ulmi)
))
(/usr/share/texmf-dist/tex/latex/koma-script/scrbook.cls
Document Class: scrbook 2018/03/30 v3.25 KOMA-Script document class (book)
(/usr/share/texmf-dist/tex/latex/koma-script/scrkbase.sty
Package: scrkbase 2018/03/30 v3.25 KOMA-Script package (KOMA-Script-dependent b
asics and keyval usage)

(/usr/share/texmf-dist/tex/latex/koma-script/scrbase.sty
Package: scrbase 2018/03/30 v3.25 KOMA-Script package (KOMA-Script-independent 
basics and keyval usage)

(/usr/share/texmf-dist/tex/latex/graphics/keyval.sty
Package: keyval 2014/10/28 v1.15 key=value parser (DPC)
\KV@toks@=\toks14
)
(/usr/share/texmf-dist/tex/latex/koma-script/scrlfile.sty
Package: scrlfile 2018/03/30 v3.25 KOMA-Script package (loading files)
)))
(/usr/share/texmf-dist/tex/latex/koma-script/tocbasic.sty
Package: tocbasic 2018/03/30 v3.25 KOMA-Script package (handling toc-files)
\scr@dte@tocline@numberwidth=\skip41
\scr@dte@tocline@numbox=\box26
)
Package tocbasic Info: omitting babel extension for `toc'
(tocbasic)             because of feature `nobabel' available
(tocbasic)             for `toc' on input line 136.
Package tocbasic Info: defining new hook before heading of `' on input line 166
3.
Class scrbook Info: You've used standard option `oneside'.
(scrbook)           This is correct!
(scrbook)           Internally I'm using `twoside=false'.
(scrbook)           If you'd like to set the option with \KOMAoptions,
(scrbook)           you'd have to use `twoside=false' there
(scrbook)           instead of `oneside', too.
Class scrbook Info: File `scrsize11pt.clo' used to setup font sizes on input li
ne 2331.

(/usr/share/texmf-dist/tex/latex/koma-script/scrsize11pt.clo
File: scrsize11pt.clo 2018/03/30 v3.25 KOMA-Script font size class option (11pt
)
)
(/usr/share/texmf-dist/tex/latex/koma-script/typearea.sty
Package: typearea 2018/03/30 v3.25 KOMA-Script package (type area)
\ta@bcor=\skip42
\ta@div=\count82
Package typearea Info: You've used standard option `oneside'.
(typearea)             This is correct!
(typearea)             Internally I'm using `twoside=false'.
(typearea)             If you'd like to set the option with \KOMAoptions,
(typearea)             you'd have to use `twoside=false' there
(typearea)             instead of `oneside', too.
\ta@hblk=\skip43
\ta@vblk=\skip44
\ta@temp=\skip45
\footheight=\skip46
Package typearea Info: These are the values describing the layout:
(typearea)             DIV  = 10
(typearea)             BCOR = 0.0pt
(typearea)             \paperwidth      = 597.50793pt
(typearea)              \textwidth      = 418.25555pt
(typearea)              DIV departure   = -6%
(typearea)              \evensidemargin = 17.3562pt
(typearea)              \oddsidemargin  = 17.3562pt
(typearea)             \paperheight     = 845.04694pt
(typearea)              \textheight     = 555.00024pt
(typearea)              \topmargin      = 12.2347pt
(typearea)              \headheight     = 17.0pt
(typearea)              \headsep        = 20.40001pt
(typearea)              \topskip        = 11.0pt
(typearea)              \footskip       = 47.6pt
(typearea)              \baselineskip   = 13.6pt
(typearea)              on input line 1706.
)
\c@part=\count83
\c@chapter=\count84
\c@section=\count85
\c@subsection=\count86
\c@subsubsection=\count87
\c@paragraph=\count88
\c@subparagraph=\count89
\scr@dte@part@maxnumwidth=\skip47
\scr@dte@chapter@maxnumwidth=\skip48
\scr@dte@section@maxnumwidth=\skip49
\scr@dte@subsection@maxnumwidth=\skip50
\scr@dte@subsubsection@maxnumwidth=\skip51
\scr@dte@paragraph@maxnumwidth=\skip52
\scr@dte@subparagraph@maxnumwidth=\skip53
\abovecaptionskip=\skip54
\belowcaptionskip=\skip55
\c@pti@nb@sid@b@x=\box27
\scr@dte@figure@maxnumwidth=\skip56
Package tocbasic Info: omitting babel extension for `lof'
(tocbasic)             because of feature `nobabel' available
(tocbasic)             for `lof' on input line 6251.
\c@figure=\count90
\scr@dte@table@maxnumwidth=\skip57
Package tocbasic Info: omitting babel extension for `lot'
(tocbasic)             because of feature `nobabel' available
(tocbasic)             for `lot' on input line 6272.
\c@table=\count91
Class scrbook Info: Redefining `\numberline' on input line 6445.
\bibindent=\dimen102
) (./settings.tex
(/usr/share/texmf-dist/tex/latex/base/inputenc.sty
Package: inputenc 2018/04/06 v1.3b Input encoding file
\inpenc@prehook=\toks15
\inpenc@posthook=\toks16
)
(/usr/share/texmf-dist/tex/latex/base/fontenc.sty
Package: fontenc 2017/04/05 v2.0i Standard LaTeX package

(/usr/share/texmf-dist/tex/latex/base/t1enc.def
File: t1enc.def 2017/04/05 v2.0i Standard LaTeX file
LaTeX Font Info:    Redeclaring font encoding T1 on input line 48.
))
(/usr/share/texmf-dist/tex/latex/psnfss/mathpazo.sty
Package: mathpazo 2005/04/12 PSNFSS-v9.2a Palatino w/ Pazo Math (D.Puga, WaS) 
\symupright=\mathgroup4
)
(/usr/share/texmf-dist/tex/generic/babel/babel.sty
Package: babel 2018/11/13 3.27 The Babel package

(/usr/share/texmf-dist/tex/generic/babel/switch.def
File: switch.def 2018/11/13 3.27 Babel switching mechanism
)
(/usr/share/texmf-dist/tex/generic/babel-german/ngerman.ldf
Language: ngerman 2018/03/29 v2.10 German support for babel (post-1996 orthogra
phy)

(/usr/share/texmf-dist/tex/generic/babel-german/ngermanb.ldf
Language: ngermanb 2018/03/29 v2.10 German support for babel (post-1996 orthogr
aphy)

(/usr/share/texmf-dist/tex/generic/babel/babel.def
File: babel.def 2018/11/13 3.27 Babel common definitions
\babel@savecnt=\count92
\U@D=\dimen103

(/usr/share/texmf-dist/tex/generic/babel/txtbabel.def)
\bbl@dirlevel=\count93
)
Package babel Info: Making " an active character on input line 121.
))
(/usr/share/texmf-dist/tex/generic/babel-english/american.ldf
Language: american 2017/06/06 v3.3r English support from the babel system

(/usr/share/texmf-dist/tex/generic/babel-english/english.ldf
Language: english 2017/06/06 v3.3r English support from the babel system
\l@canadian = a dialect from \language\l@american 
\l@australian = a dialect from \language\l@british 
\l@newzealand = a dialect from \language\l@british 
)))
(/usr/share/texmf-dist/tex/latex/csquotes/csquotes.sty
Package: csquotes 2018/04/13 v5.2d context-sensitive quotations (JAW)

(/usr/share/texmf-dist/tex/latex/etoolbox/etoolbox.sty
Package: etoolbox 2018/08/19 v2.5f e-TeX tools for LaTeX (JAW)
\etb@tempcnta=\count94
)
\csq@reset=\count95
\csq@gtype=\count96
\csq@glevel=\count97
\csq@qlevel=\count98
\csq@maxlvl=\count99
\csq@tshold=\count100
\csq@ltx@everypar=\toks17

(/usr/share/texmf-dist/tex/latex/csquotes/csquotes.def
File: csquotes.def 2018/04/13 v5.2d csquotes generic definitions (JAW)
)
Package csquotes Info: Trying to load configuration file 'csquotes.cfg'...
Package csquotes Info: ... configuration file loaded successfully.

(/usr/share/texmf-dist/tex/latex/csquotes/csquotes.cfg
File: csquotes.cfg 
)
Package csquotes Info: Enabling multilingual quotes.
)
(/usr/share/texmf-dist/tex/latex/biblatex/biblatex.sty
Package: biblatex 2018/11/02 v3.12 programmable bibliographies (PK/MW)

(/usr/share/texmf-dist/tex/generic/oberdiek/pdftexcmds.sty
Package: pdftexcmds 2018/09/10 v0.29 Utility functions of pdfTeX for LuaTeX (HO
)

(/usr/share/texmf-dist/tex/generic/oberdiek/infwarerr.sty
Package: infwarerr 2016/05/16 v1.4 Providing info/warning/error messages (HO)
)
(/usr/share/texmf-dist/tex/generic/oberdiek/ifluatex.sty
Package: ifluatex 2016/05/16 v1.4 Provides the ifluatex switch (HO)
Package ifluatex Info: LuaTeX not detected.
)
(/usr/share/texmf-dist/tex/generic/oberdiek/ltxcmds.sty
Package: ltxcmds 2016/05/16 v1.23 LaTeX kernel commands for general use (HO)
)
(/usr/share/texmf-dist/tex/generic/oberdiek/ifpdf.sty
Package: ifpdf 2018/09/07 v3.3 Provides the ifpdf switch
)
Package pdftexcmds Info: LuaTeX not detected.
Package pdftexcmds Info: \pdf@primitive is available.
Package pdftexcmds Info: \pdf@ifprimitive is available.
Package pdftexcmds Info: \pdfdraftmode found.
)
(/usr/share/texmf-dist/tex/latex/oberdiek/kvoptions.sty
Package: kvoptions 2016/05/16 v3.12 Key value format for package options (HO)

(/usr/share/texmf-dist/tex/generic/oberdiek/kvsetkeys.sty
Package: kvsetkeys 2016/05/16 v1.17 Key value parser (HO)

(/usr/share/texmf-dist/tex/generic/oberdiek/etexcmds.sty
Package: etexcmds 2016/05/16 v1.6 Avoid name clashes with e-TeX commands (HO)
Package etexcmds Info: Could not find \expanded.
(etexcmds)             That can mean that you are not using pdfTeX 1.50 or
(etexcmds)             that some package has redefined \expanded.
(etexcmds)             In the latter case, load this package earlier.
)))
(/usr/share/texmf-dist/tex/latex/logreq/logreq.sty
Package: logreq 2010/08/04 v1.0 xml request logger
\lrq@indent=\count101

(/usr/share/texmf-dist/tex/latex/logreq/logreq.def
File: logreq.def 2010/08/04 v1.0 logreq spec v1.0
))
(/usr/share/texmf-dist/tex/latex/base/ifthen.sty
Package: ifthen 2014/09/29 v1.1c Standard LaTeX ifthen package (DPC)
)
(/usr/share/texmf-dist/tex/latex/url/url.sty
\Urlmuskip=\muskip10
Package: url 2013/09/16  ver 3.4  Verb mode for urls, etc.
)
\c@tabx@nest=\count102
\c@listtotal=\count103
\c@listcount=\count104
\c@liststart=\count105
\c@liststop=\count106
\c@citecount=\count107
\c@citetotal=\count108
\c@multicitecount=\count109
\c@multicitetotal=\count110
\c@instcount=\count111
\c@maxnames=\count112
\c@minnames=\count113
\c@maxitems=\count114
\c@minitems=\count115
\c@citecounter=\count116
\c@maxcitecounter=\count117
\c@savedcitecounter=\count118
\c@uniquelist=\count119
\c@uniquename=\count120
\c@refsection=\count121
\c@refsegment=\count122
\c@maxextratitle=\count123
\c@maxextratitleyear=\count124
\c@maxextraname=\count125
\c@maxextradate=\count126
\c@maxextraalpha=\count127
\c@abbrvpenalty=\count128
\c@highnamepenalty=\count129
\c@lownamepenalty=\count130
\c@maxparens=\count131
\c@parenlevel=\count132
\blx@tempcnta=\count133
\blx@tempcntb=\count134
\blx@tempcntc=\count135
\blx@maxsection=\count136
\blx@maxsegment@0=\count137
\blx@notetype=\count138
\blx@parenlevel@text=\count139
\blx@parenlevel@foot=\count140
\blx@sectionciteorder@0=\count141
\blx@entrysetcounter=\count142
\labelnumberwidth=\skip58
\labelalphawidth=\skip59
\biblabelsep=\skip60
\bibitemsep=\skip61
\bibnamesep=\skip62
\bibinitsep=\skip63
\bibparsep=\skip64
\bibhang=\skip65
\blx@bcfin=\read1
\blx@bcfout=\write3
\c@mincomprange=\count143
\c@maxcomprange=\count144
\c@mincompwidth=\count145
Package biblatex Info: Trying to load biblatex default data model...
Package biblatex Info: ... file 'blx-dm.def' found.

(/usr/share/texmf-dist/tex/latex/biblatex/blx-dm.def
File: blx-dm.def 2018/11/02 v3.12 biblatex localization (PK/MW)
)
Package biblatex Info: Trying to load biblatex style data model...
Package biblatex Info: ... file 'numeric.dbx' not found.
Package biblatex Info: Trying to load biblatex custom data model...
Package biblatex Info: ... file 'biblatex-dm.cfg' not found.
\c@afterword=\count146
\c@savedafterword=\count147
\c@annotator=\count148
\c@savedannotator=\count149
\c@author=\count150
\c@savedauthor=\count151
\c@bookauthor=\count152
\c@savedbookauthor=\count153
\c@commentator=\count154
\c@savedcommentator=\count155
\c@editor=\count156
\c@savededitor=\count157
\c@editora=\count158
\c@savededitora=\count159
\c@editorb=\count160
\c@savededitorb=\count161
\c@editorc=\count162
\c@savededitorc=\count163
\c@foreword=\count164
\c@savedforeword=\count165
\c@holder=\count166
\c@savedholder=\count167
\c@introduction=\count168
\c@savedintroduction=\count169
\c@namea=\count170
\c@savednamea=\count171
\c@nameb=\count172
\c@savednameb=\count173
\c@namec=\count174
\c@savednamec=\count175
\c@translator=\count176
\c@savedtranslator=\count177
\c@shortauthor=\count178
\c@savedshortauthor=\count179
\c@shorteditor=\count180
\c@savedshorteditor=\count181
\c@labelname=\count182
\c@savedlabelname=\count183
\c@institution=\count184
\c@savedinstitution=\count185
\c@lista=\count186
\c@savedlista=\count187
\c@listb=\count188
\c@savedlistb=\count189
\c@listc=\count190
\c@savedlistc=\count191
\c@listd=\count192
\c@savedlistd=\count193
\c@liste=\count194
\c@savedliste=\count195
\c@listf=\count196
\c@savedlistf=\count197
\c@location=\count198
\c@savedlocation=\count199
\c@organization=\count266
\c@savedorganization=\count267
\c@origlocation=\count268
\c@savedoriglocation=\count269
\c@origpublisher=\count270
\c@savedorigpublisher=\count271
\c@publisher=\count272
\c@savedpublisher=\count273
\c@language=\count274
\c@savedlanguage=\count275
\c@origlanguage=\count276
\c@savedoriglanguage=\count277
\c@pageref=\count278
\c@savedpageref=\count279
\shorthandwidth=\skip66
\shortjournalwidth=\skip67
\shortserieswidth=\skip68
\shorttitlewidth=\skip69
\shortauthorwidth=\skip70
\shorteditorwidth=\skip71
\locallabelnumberwidth=\skip72
\locallabelalphawidth=\skip73
\localshorthandwidth=\skip74
\localshortjournalwidth=\skip75
\localshortserieswidth=\skip76
\localshorttitlewidth=\skip77
\localshortauthorwidth=\skip78
\localshorteditorwidth=\skip79
Package biblatex Info: Trying to load compatibility code...
Package biblatex Info: ... file 'blx-compat.def' found.

(/usr/share/texmf-dist/tex/latex/biblatex/blx-compat.def
File: blx-compat.def 2018/11/02 v3.12 biblatex compatibility (PK/MW)
)
Package biblatex Info: Trying to load generic definitions...
Package biblatex Info: ... file 'biblatex.def' found.

(/usr/share/texmf-dist/tex/latex/biblatex/biblatex.def
File: biblatex.def 2018/11/02 v3.12 biblatex compatibility (PK/MW)
\c@textcitecount=\count280
\c@textcitetotal=\count281
\c@textcitemaxnames=\count282
\c@biburlnumpenalty=\count283
\c@biburlucpenalty=\count284
\c@biburllcpenalty=\count285
\c@smartand=\count286
)
Package biblatex Info: Trying to load bibliography style 'numeric'...
Package biblatex Info: ... file 'numeric.bbx' found.

(/usr/share/texmf-dist/tex/latex/biblatex/bbx/numeric.bbx
File: numeric.bbx 2018/11/02 v3.12 biblatex bibliography style (PK/MW)
Package biblatex Info: Trying to load bibliography style 'standard'...
Package biblatex Info: ... file 'standard.bbx' found.

(/usr/share/texmf-dist/tex/latex/biblatex/bbx/standard.bbx
File: standard.bbx 2018/11/02 v3.12 biblatex bibliography style (PK/MW)
\c@bbx:relatedcount=\count287
\c@bbx:relatedtotal=\count288
))
Package biblatex Info: Trying to load citation style 'numeric'...
Package biblatex Info: ... file 'numeric.cbx' found.

(/usr/share/texmf-dist/tex/latex/biblatex/cbx/numeric.cbx
File: numeric.cbx 2018/11/02 v3.12 biblatex citation style (PK/MW)
Package biblatex Info: Redefining '\cite'.
Package biblatex Info: Redefining '\parencite'.
Package biblatex Info: Redefining '\footcite'.
Package biblatex Info: Redefining '\footcitetext'.
Package biblatex Info: Redefining '\smartcite'.
Package biblatex Info: Redefining '\supercite'.
Package biblatex Info: Redefining '\textcite'.
Package biblatex Info: Redefining '\textcites'.
Package biblatex Info: Redefining '\cites'.
Package biblatex Info: Redefining '\parencites'.
Package biblatex Info: Redefining '\smartcites'.
)
Package biblatex Info: Trying to load configuration file...
Package biblatex Info: ... file 'biblatex.cfg' found.

(/usr/share/texmf-dist/tex/latex/biblatex/biblatex.cfg
File: biblatex.cfg 
))
(/usr/share/texmf-dist/tex/latex/graphics/graphicx.sty
Package: graphicx 2017/06/01 v1.1a Enhanced LaTeX Graphics (DPC,SPQR)

(/usr/share/texmf-dist/tex/latex/graphics/graphics.sty
Package: graphics 2017/06/25 v1.2c Standard LaTeX Graphics (DPC,SPQR)

(/usr/share/texmf-dist/tex/latex/graphics/trig.sty
Package: trig 2016/01/03 v1.10 sin cos tan (DPC)
)
(/usr/share/texmf-dist/tex/latex/graphics-cfg/graphics.cfg
File: graphics.cfg 2016/06/04 v1.11 sample graphics configuration
)
Package graphics Info: Driver file: pdftex.def on input line 99.

(/usr/share/texmf-dist/tex/latex/graphics-def/pdftex.def
File: pdftex.def 2018/01/08 v1.0l Graphics/color driver for pdftex
))
\Gin@req@height=\dimen104
\Gin@req@width=\dimen105
)
(/usr/share/texmf-dist/tex/latex/koma-script/scrhack.sty
Package: scrhack 2018/03/30 v3.25 KOMA-Script package 

(/usr/share/texmf-dist/tex/latex/xpatch/xpatch.sty
(/usr/share/texmf-dist/tex/latex/l3kernel/expl3.sty
Package: expl3 2018-11-19 L3 programming layer (loader) 

(/usr/share/texmf-dist/tex/latex/l3kernel/expl3-code.tex
Package: expl3 2018-11-19 L3 programming layer (code)
\c_max_int=\count289
\l_tmpa_int=\count290
\l_tmpb_int=\count291
\g_tmpa_int=\count292
\g_tmpb_int=\count293
\g__kernel_prg_map_int=\count294
\c_log_iow=\count295
\l_iow_line_count_int=\count296
\l__iow_line_target_int=\count297
\l__iow_one_indent_int=\count298
\l__iow_indent_int=\count299
\c_zero_dim=\dimen106
\c_max_dim=\dimen107
\l_tmpa_dim=\dimen108
\l_tmpb_dim=\dimen109
\g_tmpa_dim=\dimen110
\g_tmpb_dim=\dimen111
\c_zero_skip=\skip80
\c_max_skip=\skip81
\l_tmpa_skip=\skip82
\l_tmpb_skip=\skip83
\g_tmpa_skip=\skip84
\g_tmpb_skip=\skip85
\c_zero_muskip=\muskip11
\c_max_muskip=\muskip12
\l_tmpa_muskip=\muskip13
\l_tmpb_muskip=\muskip14
\g_tmpa_muskip=\muskip15
\g_tmpb_muskip=\muskip16
\l_keys_choice_int=\count300
\l__intarray_loop_int=\count301
\c__intarray_sp_dim=\dimen112
\g__intarray_font_int=\count302
\c__fp_leading_shift_int=\count303
\c__fp_middle_shift_int=\count304
\c__fp_trailing_shift_int=\count305
\c__fp_big_leading_shift_int=\count306
\c__fp_big_middle_shift_int=\count307
\c__fp_big_trailing_shift_int=\count308
\c__fp_Bigg_leading_shift_int=\count309
\c__fp_Bigg_middle_shift_int=\count310
\c__fp_Bigg_trailing_shift_int=\count311
\c__kernel_randint_max_int=\count312
\g__fp_array_int=\count313
\l__fp_array_loop_int=\count314
\l__sort_length_int=\count315
\l__sort_min_int=\count316
\l__sort_top_int=\count317
\l__sort_max_int=\count318
\l__sort_true_max_int=\count319
\l__sort_block_int=\count320
\l__sort_begin_int=\count321
\l__sort_end_int=\count322
\l__sort_A_int=\count323
\l__sort_B_int=\count324
\l__sort_C_int=\count325
\l__tl_analysis_normal_int=\count326
\l__tl_analysis_index_int=\count327
\l__tl_analysis_nesting_int=\count328
\l__tl_analysis_type_int=\count329
\l__regex_internal_a_int=\count330
\l__regex_internal_b_int=\count331
\l__regex_internal_c_int=\count332
\l__regex_balance_int=\count333
\l__regex_group_level_int=\count334
\l__regex_mode_int=\count335
\c__regex_cs_in_class_mode_int=\count336
\c__regex_cs_mode_int=\count337
\l__regex_catcodes_int=\count338
\l__regex_default_catcodes_int=\count339
\c__regex_catcode_D_int=\count340
\c__regex_catcode_S_int=\count341
\c__regex_catcode_L_int=\count342
\c__regex_catcode_O_int=\count343
\c__regex_catcode_A_int=\count344
\c__regex_all_catcodes_int=\count345
\l__regex_show_lines_int=\count346
\l__regex_min_state_int=\count347
\l__regex_max_state_int=\count348
\l__regex_left_state_int=\count349
\l__regex_right_state_int=\count350
\l__regex_capturing_group_int=\count351
\l__regex_min_pos_int=\count352
\l__regex_max_pos_int=\count353
\l__regex_curr_pos_int=\count354
\l__regex_start_pos_int=\count355
\l__regex_success_pos_int=\count356
\l__regex_curr_char_int=\count357
\l__regex_curr_catcode_int=\count358
\l__regex_last_char_int=\count359
\l__regex_case_changed_char_int=\count360
\l__regex_curr_state_int=\count361
\l__regex_step_int=\count362
\l__regex_min_active_int=\count363
\l__regex_max_active_int=\count364
\l__regex_replacement_csnames_int=\count365
\l__regex_match_count_int=\count366
\l__regex_min_submatch_int=\count367
\l__regex_submatch_int=\count368
\l__regex_zeroth_submatch_int=\count369
\g__regex_trace_regex_int=\count370
\c_empty_box=\box28
\l_tmpa_box=\box29
\l_tmpb_box=\box30
\g_tmpa_box=\box31
\g_tmpb_box=\box32
\l__box_top_dim=\dimen113
\l__box_bottom_dim=\dimen114
\l__box_left_dim=\dimen115
\l__box_right_dim=\dimen116
\l__box_top_new_dim=\dimen117
\l__box_bottom_new_dim=\dimen118
\l__box_left_new_dim=\dimen119
\l__box_right_new_dim=\dimen120
\l__box_internal_box=\box33
\l__coffin_internal_box=\box34
\l__coffin_internal_dim=\dimen121
\l__coffin_offset_x_dim=\dimen122
\l__coffin_offset_y_dim=\dimen123
\l__coffin_x_dim=\dimen124
\l__coffin_y_dim=\dimen125
\l__coffin_x_prime_dim=\dimen126
\l__coffin_y_prime_dim=\dimen127
\c_empty_coffin=\box35
\l__coffin_aligned_coffin=\box36
\l__coffin_aligned_internal_coffin=\box37
\l_tmpa_coffin=\box38
\l_tmpb_coffin=\box39
\l__coffin_display_coffin=\box40
\l__coffin_display_coord_coffin=\box41
\l__coffin_display_pole_coffin=\box42
\l__coffin_display_offset_dim=\dimen128
\l__coffin_display_x_dim=\dimen129
\l__coffin_display_y_dim=\dimen130
\g__file_internal_ior=\read2
\l__coffin_bounding_shift_dim=\dimen131
\l__coffin_left_corner_dim=\dimen132
\l__coffin_right_corner_dim=\dimen133
\l__coffin_bottom_corner_dim=\dimen134
\l__coffin_top_corner_dim=\dimen135
\l__coffin_scaled_total_height_dim=\dimen136
\l__coffin_scaled_width_dim=\dimen137
\l__seq_internal_a_int=\count371
\l__seq_internal_b_int=\count372
)
(/usr/share/texmf-dist/tex/latex/l3kernel/l3pdfmode.def
File: l3pdfmode.def 2018-11-19 v L3 Experimental driver: PDF mode
\l__driver_color_stack_int=\count373
))
Package: xpatch 2012/10/02 v0.3 Extending etoolbox patching commands

(/usr/share/texmf-dist/tex/latex/l3packages/xparse/xparse.sty
Package: xparse 2018-10-17 L3 Experimental document command parser
\l__xparse_current_arg_int=\count374
\g__xparse_grabber_int=\count375
\l__xparse_m_args_int=\count376
\l__xparse_mandatory_args_int=\count377
\l__xparse_v_nesting_int=\count378
)))
(/usr/share/texmf-dist/tex/latex/listings/listings.sty
\lst@mode=\count379
\lst@gtempboxa=\box43
\lst@token=\toks18
\lst@length=\count380
\lst@currlwidth=\dimen138
\lst@column=\count381
\lst@pos=\count382
\lst@lostspace=\dimen139
\lst@width=\dimen140
\lst@newlines=\count383
\lst@lineno=\count384
\lst@maxwidth=\dimen141

(/usr/share/texmf-dist/tex/latex/listings/lstmisc.sty
File: lstmisc.sty 2018/09/02 1.7 (Carsten Heinz)
\c@lstnumber=\count385
\lst@skipnumbers=\count386
\lst@framebox=\box44
)
(/usr/share/texmf-dist/tex/latex/listings/listings.cfg
File: listings.cfg 2018/09/02 1.7 listings configuration
))
Package scrhack Info: loading listings hack on input line 20.

(/usr/share/texmf-dist/tex/latex/koma-script/listings.hak
File: listings.hak 2018/03/30 v3.25 KOMA-Script package (hacking package listin
gs)
Package tocbasic Info: setting babel extension for `lol' on input line 137.
Package scrhack Info: redefining \lstlistoflistings on input line 137.
)
Package: listings 2018/09/02 1.7 (Carsten Heinz)

(/usr/share/texmf-dist/tex/latex/lstaddons/lstautogobble.sty
Package: lstautogobble 2012/05/03 v0.1 Implements 'autogobble' option for 'list
ings'
\lstag@spacecount=\count387
)
(/usr/share/texmf-dist/tex/latex/pgf/frontendlayer/tikz.sty
(/usr/share/texmf-dist/tex/latex/pgf/basiclayer/pgf.sty
(/usr/share/texmf-dist/tex/latex/pgf/utilities/pgfrcs.sty
(/usr/share/texmf-dist/tex/generic/pgf/utilities/pgfutil-common.tex
\pgfutil@everybye=\toks19
\pgfutil@tempdima=\dimen142
\pgfutil@tempdimb=\dimen143

(/usr/share/texmf-dist/tex/generic/pgf/utilities/pgfutil-common-lists.tex))
(/usr/share/texmf-dist/tex/generic/pgf/utilities/pgfutil-latex.def
\pgfutil@abb=\box45

(/usr/share/texmf-dist/tex/latex/ms/everyshi.sty
Package: everyshi 2001/05/15 v3.00 EveryShipout Package (MS)
))
(/usr/share/texmf-dist/tex/generic/pgf/utilities/pgfrcs.code.tex
Package: pgfrcs 2015/08/07 v3.0.1a (rcs-revision 1.31)
))
Package: pgf 2015/08/07 v3.0.1a (rcs-revision 1.15)

(/usr/share/texmf-dist/tex/latex/pgf/basiclayer/pgfcore.sty
(/usr/share/texmf-dist/tex/latex/pgf/systemlayer/pgfsys.sty
(/usr/share/texmf-dist/tex/generic/pgf/systemlayer/pgfsys.code.tex
Package: pgfsys 2014/07/09 v3.0.1a (rcs-revision 1.48)

(/usr/share/texmf-dist/tex/generic/pgf/utilities/pgfkeys.code.tex
\pgfkeys@pathtoks=\toks20
\pgfkeys@temptoks=\toks21

(/usr/share/texmf-dist/tex/generic/pgf/utilities/pgfkeysfiltered.code.tex
\pgfkeys@tmptoks=\toks22
))
\pgf@x=\dimen144
\pgf@y=\dimen145
\pgf@xa=\dimen146
\pgf@ya=\dimen147
\pgf@xb=\dimen148
\pgf@yb=\dimen149
\pgf@xc=\dimen150
\pgf@yc=\dimen151
\w@pgf@writea=\write4
\r@pgf@reada=\read3
\c@pgf@counta=\count388
\c@pgf@countb=\count389
\c@pgf@countc=\count390
\c@pgf@countd=\count391
\t@pgf@toka=\toks23
\t@pgf@tokb=\toks24
\t@pgf@tokc=\toks25

(/usr/share/texmf-dist/tex/generic/pgf/systemlayer/pgf.cfg
File: pgf.cfg 2008/05/14  (rcs-revision 1.7)
)
Driver file for pgf: pgfsys-pdftex.def

(/usr/share/texmf-dist/tex/generic/pgf/systemlayer/pgfsys-pdftex.def
File: pgfsys-pdftex.def 2014/10/11  (rcs-revision 1.35)

(/usr/share/texmf-dist/tex/generic/pgf/systemlayer/pgfsys-common-pdf.def
File: pgfsys-common-pdf.def 2013/10/10  (rcs-revision 1.13)
)))
(/usr/share/texmf-dist/tex/generic/pgf/systemlayer/pgfsyssoftpath.code.tex
File: pgfsyssoftpath.code.tex 2013/09/09  (rcs-revision 1.9)
\pgfsyssoftpath@smallbuffer@items=\count392
\pgfsyssoftpath@bigbuffer@items=\count393
)
(/usr/share/texmf-dist/tex/generic/pgf/systemlayer/pgfsysprotocol.code.tex
File: pgfsysprotocol.code.tex 2006/10/16  (rcs-revision 1.4)
))
(/usr/share/texmf-dist/tex/latex/xcolor/xcolor.sty
Package: xcolor 2016/05/11 v2.12 LaTeX color extensions (UK)

(/usr/share/texmf-dist/tex/latex/graphics-cfg/color.cfg
File: color.cfg 2016/01/02 v1.6 sample color configuration
)
Package xcolor Info: Driver file: pdftex.def on input line 225.

(/usr/share/texmf-dist/tex/latex/colortbl/colortbl.sty
Package: colortbl 2018/05/02 v1.0c Color table columns (DPC)

(/usr/share/texmf-dist/tex/latex/tools/array.sty
Package: array 2018/04/30 v2.4h Tabular extension package (FMi)
\col@sep=\dimen152
\ar@mcellbox=\box46
\extrarowheight=\dimen153
\NC@list=\toks26
\extratabsurround=\skip86
\backup@length=\skip87
\ar@cellbox=\box47
)
\everycr=\toks27
\minrowclearance=\skip88
)
\rownum=\count394
Package xcolor Info: Model `cmy' substituted by `cmy0' on input line 1348.
Package xcolor Info: Model `hsb' substituted by `rgb' on input line 1352.
Package xcolor Info: Model `RGB' extended on input line 1364.
Package xcolor Info: Model `HTML' substituted by `rgb' on input line 1366.
Package xcolor Info: Model `Hsb' substituted by `hsb' on input line 1367.
Package xcolor Info: Model `tHsb' substituted by `hsb' on input line 1368.
Package xcolor Info: Model `HSB' substituted by `hsb' on input line 1369.
Package xcolor Info: Model `Gray' substituted by `gray' on input line 1370.
Package xcolor Info: Model `wave' substituted by `hsb' on input line 1371.

(/usr/share/texmf-dist/tex/latex/graphics/dvipsnam.def
File: dvipsnam.def 2016/06/17 v3.0m Driver-dependent file (DPC,SPQR)
)
(/usr/share/texmf-dist/tex/latex/xcolor/svgnam.def
File: svgnam.def 2016/05/11 v2.12 Predefined colors according to SVG 1.1 (UK)
))
(/usr/share/texmf-dist/tex/generic/pgf/basiclayer/pgfcore.code.tex
Package: pgfcore 2010/04/11 v3.0.1a (rcs-revision 1.7)

(/usr/share/texmf-dist/tex/generic/pgf/math/pgfmath.code.tex
(/usr/share/texmf-dist/tex/generic/pgf/math/pgfmathcalc.code.tex
(/usr/share/texmf-dist/tex/generic/pgf/math/pgfmathutil.code.tex)
(/usr/share/texmf-dist/tex/generic/pgf/math/pgfmathparser.code.tex
\pgfmath@dimen=\dimen154
\pgfmath@count=\count395
\pgfmath@box=\box48
\pgfmath@toks=\toks28
\pgfmath@stack@operand=\toks29
\pgfmath@stack@operation=\toks30
)
(/usr/share/texmf-dist/tex/generic/pgf/math/pgfmathfunctions.code.tex
(/usr/share/texmf-dist/tex/generic/pgf/math/pgfmathfunctions.basic.code.tex)
(/usr/share/texmf-dist/tex/generic/pgf/math/pgfmathfunctions.trigonometric.code
.tex)
(/usr/share/texmf-dist/tex/generic/pgf/math/pgfmathfunctions.random.code.tex)
(/usr/share/texmf-dist/tex/generic/pgf/math/pgfmathfunctions.comparison.code.te
x) (/usr/share/texmf-dist/tex/generic/pgf/math/pgfmathfunctions.base.code.tex)
(/usr/share/texmf-dist/tex/generic/pgf/math/pgfmathfunctions.round.code.tex)
(/usr/share/texmf-dist/tex/generic/pgf/math/pgfmathfunctions.misc.code.tex)
(/usr/share/texmf-dist/tex/generic/pgf/math/pgfmathfunctions.integerarithmetics
.code.tex))) (/usr/share/texmf-dist/tex/generic/pgf/math/pgfmathfloat.code.tex
\c@pgfmathroundto@lastzeros=\count396
)) (/usr/share/texmf-dist/tex/generic/pgf/basiclayer/pgfcorepoints.code.tex
File: pgfcorepoints.code.tex 2013/10/07  (rcs-revision 1.27)
\pgf@picminx=\dimen155
\pgf@picmaxx=\dimen156
\pgf@picminy=\dimen157
\pgf@picmaxy=\dimen158
\pgf@pathminx=\dimen159
\pgf@pathmaxx=\dimen160
\pgf@pathminy=\dimen161
\pgf@pathmaxy=\dimen162
\pgf@xx=\dimen163
\pgf@xy=\dimen164
\pgf@yx=\dimen165
\pgf@yy=\dimen166
\pgf@zx=\dimen167
\pgf@zy=\dimen168
)
(/usr/share/texmf-dist/tex/generic/pgf/basiclayer/pgfcorepathconstruct.code.tex
File: pgfcorepathconstruct.code.tex 2013/10/07  (rcs-revision 1.29)
\pgf@path@lastx=\dimen169
\pgf@path@lasty=\dimen170
) (/usr/share/texmf-dist/tex/generic/pgf/basiclayer/pgfcorepathusage.code.tex
File: pgfcorepathusage.code.tex 2014/11/02  (rcs-revision 1.24)
\pgf@shorten@end@additional=\dimen171
\pgf@shorten@start@additional=\dimen172
)
(/usr/share/texmf-dist/tex/generic/pgf/basiclayer/pgfcorescopes.code.tex
File: pgfcorescopes.code.tex 2015/05/08  (rcs-revision 1.46)
\pgfpic=\box49
\pgf@hbox=\box50
\pgf@layerbox@main=\box51
\pgf@picture@serial@count=\count397
)
(/usr/share/texmf-dist/tex/generic/pgf/basiclayer/pgfcoregraphicstate.code.tex
File: pgfcoregraphicstate.code.tex 2014/11/02  (rcs-revision 1.12)
\pgflinewidth=\dimen173
)
(/usr/share/texmf-dist/tex/generic/pgf/basiclayer/pgfcoretransformations.code.t
ex
File: pgfcoretransformations.code.tex 2015/08/07  (rcs-revision 1.20)
\pgf@pt@x=\dimen174
\pgf@pt@y=\dimen175
\pgf@pt@temp=\dimen176
) (/usr/share/texmf-dist/tex/generic/pgf/basiclayer/pgfcorequick.code.tex
File: pgfcorequick.code.tex 2008/10/09  (rcs-revision 1.3)
)
(/usr/share/texmf-dist/tex/generic/pgf/basiclayer/pgfcoreobjects.code.tex
File: pgfcoreobjects.code.tex 2006/10/11  (rcs-revision 1.2)
)
(/usr/share/texmf-dist/tex/generic/pgf/basiclayer/pgfcorepathprocessing.code.te
x
File: pgfcorepathprocessing.code.tex 2013/09/09  (rcs-revision 1.9)
) (/usr/share/texmf-dist/tex/generic/pgf/basiclayer/pgfcorearrows.code.tex
File: pgfcorearrows.code.tex 2015/05/14  (rcs-revision 1.43)
\pgfarrowsep=\dimen177
)
(/usr/share/texmf-dist/tex/generic/pgf/basiclayer/pgfcoreshade.code.tex
File: pgfcoreshade.code.tex 2013/07/15  (rcs-revision 1.15)
\pgf@max=\dimen178
\pgf@sys@shading@range@num=\count398
)
(/usr/share/texmf-dist/tex/generic/pgf/basiclayer/pgfcoreimage.code.tex
File: pgfcoreimage.code.tex 2013/07/15  (rcs-revision 1.18)

(/usr/share/texmf-dist/tex/generic/pgf/basiclayer/pgfcoreexternal.code.tex
File: pgfcoreexternal.code.tex 2014/07/09  (rcs-revision 1.21)
\pgfexternal@startupbox=\box52
))
(/usr/share/texmf-dist/tex/generic/pgf/basiclayer/pgfcorelayers.code.tex
File: pgfcorelayers.code.tex 2013/07/18  (rcs-revision 1.7)
)
(/usr/share/texmf-dist/tex/generic/pgf/basiclayer/pgfcoretransparency.code.tex
File: pgfcoretransparency.code.tex 2013/09/30  (rcs-revision 1.5)
) (/usr/share/texmf-dist/tex/generic/pgf/basiclayer/pgfcorepatterns.code.tex
File: pgfcorepatterns.code.tex 2013/11/07  (rcs-revision 1.5)
)))
(/usr/share/texmf-dist/tex/generic/pgf/modules/pgfmoduleshapes.code.tex
File: pgfmoduleshapes.code.tex 2014/03/21  (rcs-revision 1.35)
\pgfnodeparttextbox=\box53
)
(/usr/share/texmf-dist/tex/generic/pgf/modules/pgfmoduleplot.code.tex
File: pgfmoduleplot.code.tex 2015/08/03  (rcs-revision 1.13)
)
(/usr/share/texmf-dist/tex/latex/pgf/compatibility/pgfcomp-version-0-65.sty
Package: pgfcomp-version-0-65 2007/07/03 v3.0.1a (rcs-revision 1.7)
\pgf@nodesepstart=\dimen179
\pgf@nodesepend=\dimen180
)
(/usr/share/texmf-dist/tex/latex/pgf/compatibility/pgfcomp-version-1-18.sty
Package: pgfcomp-version-1-18 2007/07/23 v3.0.1a (rcs-revision 1.1)
))
(/usr/share/texmf-dist/tex/latex/pgf/utilities/pgffor.sty
(/usr/share/texmf-dist/tex/latex/pgf/utilities/pgfkeys.sty
(/usr/share/texmf-dist/tex/generic/pgf/utilities/pgfkeys.code.tex))
(/usr/share/texmf-dist/tex/latex/pgf/math/pgfmath.sty
(/usr/share/texmf-dist/tex/generic/pgf/math/pgfmath.code.tex))
(/usr/share/texmf-dist/tex/generic/pgf/utilities/pgffor.code.tex
Package: pgffor 2013/12/13 v3.0.1a (rcs-revision 1.25)

(/usr/share/texmf-dist/tex/generic/pgf/math/pgfmath.code.tex)
\pgffor@iter=\dimen181
\pgffor@skip=\dimen182
\pgffor@stack=\toks31
\pgffor@toks=\toks32
))
(/usr/share/texmf-dist/tex/generic/pgf/frontendlayer/tikz/tikz.code.tex
Package: tikz 2015/08/07 v3.0.1a (rcs-revision 1.151)

(/usr/share/texmf-dist/tex/generic/pgf/libraries/pgflibraryplothandlers.code.te
x
File: pgflibraryplothandlers.code.tex 2013/08/31 v3.0.1a (rcs-revision 1.20)
\pgf@plot@mark@count=\count399
\pgfplotmarksize=\dimen183
)
\tikz@lastx=\dimen184
\tikz@lasty=\dimen185
\tikz@lastxsaved=\dimen186
\tikz@lastysaved=\dimen187
\tikzleveldistance=\dimen188
\tikzsiblingdistance=\dimen189
\tikz@figbox=\box54
\tikz@figbox@bg=\box55
\tikz@tempbox=\box56
\tikz@tempbox@bg=\box57
\tikztreelevel=\count400
\tikznumberofchildren=\count401
\tikznumberofcurrentchild=\count402
\tikz@fig@count=\count403
 (/usr/share/texmf-dist/tex/generic/pgf/modules/pgfmodulematrix.code.tex
File: pgfmodulematrix.code.tex 2013/09/17  (rcs-revision 1.8)
\pgfmatrixcurrentrow=\count404
\pgfmatrixcurrentcolumn=\count405
\pgf@matrix@numberofcolumns=\count406
)
\tikz@expandcount=\count407

(/usr/share/texmf-dist/tex/generic/pgf/frontendlayer/tikz/libraries/tikzlibrary
topaths.code.tex
File: tikzlibrarytopaths.code.tex 2008/06/17 v3.0.1a (rcs-revision 1.2)
))) (/usr/share/texmf-dist/tex/latex/pgfplots/pgfplots.sty
(/usr/share/texmf-dist/tex/generic/pgfplots/pgfplots.revision.tex)
Package: pgfplots 2018/03/28 v1.16 Data Visualization (1.16)

(/usr/share/texmf-dist/tex/generic/pgfplots/pgfplots.code.tex
(/usr/share/texmf-dist/tex/generic/pgfplots/pgfplotscore.code.tex
\t@pgfplots@toka=\toks33
\t@pgfplots@tokb=\toks34
\t@pgfplots@tokc=\toks35
\pgfplots@tmpa=\dimen190
\c@pgfplots@coordindex=\count408
\c@pgfplots@scanlineindex=\count409

(/usr/share/texmf-dist/tex/generic/pgfplots/sys/pgfplotssysgeneric.code.tex))
(/usr/share/texmf-dist/tex/generic/pgfplots/libs/pgfplotslibrary.code.tex)
(/usr/share/texmf-dist/tex/generic/pgfplots/oldpgfcompatib/pgfplotsoldpgfsupp_l
oader.code.tex
(/usr/share/texmf-dist/tex/generic/pgf/libraries/pgflibraryfpu.code.tex)
Package pgfplots: loading complementary arithmetics for your pgf version...

(/usr/share/texmf-dist/tex/generic/pgfplots/oldpgfcompatib/pgfplotsoldpgfsupp_p
gflibraryfpu.code.tex)
(/usr/share/texmf-dist/tex/generic/pgfplots/oldpgfcompatib/pgfplotsoldpgfsupp_p
gfmathfloat.code.tex
\c@pgfmathroundto@lastzeros=\count410
)
(/usr/share/texmf-dist/tex/generic/pgfplots/oldpgfcompatib/pgfplotsoldpgfsupp_l
eq.code.tex))
(/usr/share/texmf-dist/tex/generic/pgfplots/util/pgfplotsutil.code.tex
(/usr/share/texmf-dist/tex/generic/pgfplots/liststructure/pgfplotsliststructure
.code.tex)
(/usr/share/texmf-dist/tex/generic/pgfplots/liststructure/pgfplotsliststructure
ext.code.tex)
(/usr/share/texmf-dist/tex/generic/pgfplots/liststructure/pgfplotsarray.code.te
x
\c@pgfplotsarray@tmp=\count411
)
(/usr/share/texmf-dist/tex/generic/pgfplots/liststructure/pgfplotsmatrix.code.t
ex)
(/usr/share/texmf-dist/tex/generic/pgfplots/numtable/pgfplotstableshared.code.t
ex
\c@pgfplotstable@counta=\count412
\t@pgfplotstable@a=\toks36
)
(/usr/share/texmf-dist/tex/generic/pgfplots/liststructure/pgfplotsdeque.code.te
x) (/usr/share/texmf-dist/tex/generic/pgfplots/util/pgfplotsbinary.code.tex
(/usr/share/texmf-dist/tex/generic/pgfplots/util/pgfplotsbinary.data.code.tex))
(/usr/share/texmf-dist/tex/generic/pgfplots/util/pgfplotsutil.verb.code.tex)
(/usr/share/texmf-dist/tex/generic/pgfplots/libs/pgflibrarypgfplots.surfshading
.code.tex
\c@pgfplotslibrarysurf@no=\count413

(/usr/share/texmf-dist/tex/generic/pgfplots/sys/pgflibrarypgfplots.surfshading.
pgfsys-pdftex.def)))
(/usr/share/texmf-dist/tex/generic/pgfplots/util/pgfplotscolormap.code.tex
(/usr/share/texmf-dist/tex/generic/pgfplots/util/pgfplotscolor.code.tex))
(/usr/share/texmf-dist/tex/generic/pgfplots/pgfplotsstackedplots.code.tex)
(/usr/share/texmf-dist/tex/generic/pgfplots/pgfplotsplothandlers.code.tex
(/usr/share/texmf-dist/tex/generic/pgfplots/pgfplotsmeshplothandler.code.tex
(/usr/share/texmf-dist/tex/generic/pgfplots/pgfplotsmeshplotimage.code.tex)))
(/usr/share/texmf-dist/tex/generic/pgfplots/pgfplots.scaling.code.tex)
(/usr/share/texmf-dist/tex/generic/pgfplots/pgfplotscoordprocessing.code.tex)
(/usr/share/texmf-dist/tex/generic/pgfplots/pgfplots.errorbars.code.tex)
(/usr/share/texmf-dist/tex/generic/pgfplots/pgfplots.markers.code.tex)
(/usr/share/texmf-dist/tex/generic/pgfplots/pgfplotsticks.code.tex)
(/usr/share/texmf-dist/tex/generic/pgfplots/pgfplots.paths.code.tex)
(/usr/share/texmf-dist/tex/generic/pgf/frontendlayer/tikz/libraries/tikzlibrary
decorations.code.tex
(/usr/share/texmf-dist/tex/generic/pgf/modules/pgfmoduledecorations.code.tex
\pgfdecoratedcompleteddistance=\dimen191
\pgfdecoratedremainingdistance=\dimen192
\pgfdecoratedinputsegmentcompleteddistance=\dimen193
\pgfdecoratedinputsegmentremainingdistance=\dimen194
\pgf@decorate@distancetomove=\dimen195
\pgf@decorate@repeatstate=\count414
\pgfdecorationsegmentamplitude=\dimen196
\pgfdecorationsegmentlength=\dimen197
)
\tikz@lib@dec@box=\box58
)
(/usr/share/texmf-dist/tex/generic/pgf/frontendlayer/tikz/libraries/tikzlibrary
decorations.pathmorphing.code.tex
(/usr/share/texmf-dist/tex/generic/pgf/libraries/decorations/pgflibrarydecorati
ons.pathmorphing.code.tex))
(/usr/share/texmf-dist/tex/generic/pgf/frontendlayer/tikz/libraries/tikzlibrary
decorations.pathreplacing.code.tex
(/usr/share/texmf-dist/tex/generic/pgf/libraries/decorations/pgflibrarydecorati
ons.pathreplacing.code.tex))
\pgfplots@numplots=\count415
\pgfplots@xmin@reg=\dimen198
\pgfplots@xmax@reg=\dimen199
\pgfplots@ymin@reg=\dimen256
\pgfplots@ymax@reg=\dimen257
\pgfplots@zmin@reg=\dimen258
\pgfplots@zmax@reg=\dimen259
)
(/usr/share/texmf-dist/tex/generic/pgf/frontendlayer/tikz/libraries/tikzlibrary
plotmarks.code.tex
File: tikzlibraryplotmarks.code.tex 2008/01/09 v3.0.1a (rcs-revision 1.1)

(/usr/share/texmf-dist/tex/generic/pgf/libraries/pgflibraryplotmarks.code.tex
File: pgflibraryplotmarks.code.tex 2015/08/03 v3.0.1a (rcs-revision 1.14)
))) (/usr/share/texmf-dist/tex/latex/pgfplots/pgfplotstable.sty
(/usr/share/texmf-dist/tex/generic/pgfplots/pgfplots.revision.tex)
Package: pgfplotstable 2018/03/28 v1.16 Table typesetting and Pretty-printing (
1.16)

(/usr/share/texmf-dist/tex/generic/pgfplots/numtable/pgfplotstable.code.tex
(/usr/share/texmf-dist/tex/generic/pgfplots/numtable/pgfplotstable.coltype.code
.tex))) (/usr/share/texmf-dist/tex/latex/booktabs/booktabs.sty
Package: booktabs 2016/04/27 v1.618033 publication quality tables
\heavyrulewidth=\dimen260
\lightrulewidth=\dimen261
\cmidrulewidth=\dimen262
\belowrulesep=\dimen263
\belowbottomsep=\dimen264
\aboverulesep=\dimen265
\abovetopsep=\dimen266
\cmidrulesep=\dimen267
\cmidrulekern=\dimen268
\defaultaddspace=\dimen269
\@cmidla=\count416
\@cmidlb=\count417
\@aboverulesep=\dimen270
\@belowrulesep=\dimen271
\@thisruleclass=\count418
\@lastruleclass=\count419
\@thisrulewidth=\dimen272
)
(/usr/share/texmf-dist/tex/latex/mathtools/mathtools.sty
Package: mathtools 2018/01/08 v1.21 mathematical typesetting tools

(/usr/share/texmf-dist/tex/latex/tools/calc.sty
Package: calc 2017/05/25 v4.3 Infix arithmetic (KKT,FJ)
\calc@Acount=\count420
\calc@Bcount=\count421
\calc@Adimen=\dimen273
\calc@Bdimen=\dimen274
\calc@Askip=\skip89
\calc@Bskip=\skip90
LaTeX Info: Redefining \setlength on input line 80.
LaTeX Info: Redefining \addtolength on input line 81.
\calc@Ccount=\count422
\calc@Cskip=\skip91
)
(/usr/share/texmf-dist/tex/latex/mathtools/mhsetup.sty
Package: mhsetup 2017/03/31 v1.3 programming setup (MH)
)
(/usr/share/texmf-dist/tex/latex/amsmath/amsmath.sty
Package: amsmath 2017/09/02 v2.17a AMS math features
\@mathmargin=\skip92

For additional information on amsmath, use the `?' option.
(/usr/share/texmf-dist/tex/latex/amsmath/amstext.sty
Package: amstext 2000/06/29 v2.01 AMS text

(/usr/share/texmf-dist/tex/latex/amsmath/amsgen.sty
File: amsgen.sty 1999/11/30 v2.0 generic functions
\@emptytoks=\toks37
\ex@=\dimen275
))
(/usr/share/texmf-dist/tex/latex/amsmath/amsbsy.sty
Package: amsbsy 1999/11/29 v1.2d Bold Symbols
\pmbraise@=\dimen276
)
(/usr/share/texmf-dist/tex/latex/amsmath/amsopn.sty
Package: amsopn 2016/03/08 v2.02 operator names
)
\inf@bad=\count423
LaTeX Info: Redefining \frac on input line 213.
\uproot@=\count424
\leftroot@=\count425
LaTeX Info: Redefining \overline on input line 375.
\classnum@=\count426
\DOTSCASE@=\count427
LaTeX Info: Redefining \ldots on input line 472.
LaTeX Info: Redefining \dots on input line 475.
LaTeX Info: Redefining \cdots on input line 596.
\Mathstrutbox@=\box59
\strutbox@=\box60
\big@size=\dimen277
LaTeX Font Info:    Redeclaring font encoding OML on input line 712.
LaTeX Font Info:    Redeclaring font encoding OMS on input line 713.
\macc@depth=\count428
\c@MaxMatrixCols=\count429
\dotsspace@=\muskip17
\c@parentequation=\count430
\dspbrk@lvl=\count431
\tag@help=\toks38
\row@=\count432
\column@=\count433
\maxfields@=\count434
\andhelp@=\toks39
\eqnshift@=\dimen278
\alignsep@=\dimen279
\tagshift@=\dimen280
\tagwidth@=\dimen281
\totwidth@=\dimen282
\lineht@=\dimen283
\@envbody=\toks40
\multlinegap=\skip93
\multlinetaggap=\skip94
\mathdisplay@stack=\toks41
LaTeX Info: Redefining \[ on input line 2817.
LaTeX Info: Redefining \] on input line 2818.
)
LaTeX Info: Thecontrolsequence`\('isalreadyrobust on input line 129.
LaTeX Info: Thecontrolsequence`\)'isalreadyrobust on input line 129.
LaTeX Info: Thecontrolsequence`\['isalreadyrobust on input line 129.
LaTeX Info: Thecontrolsequence`\]'isalreadyrobust on input line 129.
\g_MT_multlinerow_int=\count435
\l_MT_multwidth_dim=\dimen284
\origjot=\skip95
\l_MT_shortvdotswithinadjustabove_dim=\dimen285
\l_MT_shortvdotswithinadjustbelow_dim=\dimen286
\l_MT_above_intertext_sep=\dimen287
\l_MT_below_intertext_sep=\dimen288
\l_MT_above_shortintertext_sep=\dimen289
\l_MT_below_shortintertext_sep=\dimen290
)
(/usr/share/texmf-dist/tex/latex/tools/longtable.sty
Package: longtable 2014/10/28 v4.11 Multi-page Table package (DPC)
\LTleft=\skip96
\LTright=\skip97
\LTpre=\skip98
\LTpost=\skip99
\LTchunksize=\count436
\LTcapwidth=\dimen291
\LT@head=\box61
\LT@firsthead=\box62
\LT@foot=\box63
\LT@lastfoot=\box64
\LT@cols=\count437
\LT@rows=\count438
\c@LT@tables=\count439
\c@LT@chunks=\count440
\LT@p@ftn=\toks42
)
Class scrbook Info: longtable captions redefined on input line 28.

(/usr/share/texmf-dist/tex/latex/caption/subcaption.sty
Package: subcaption 2018/05/01 v1.1-162 Sub-captions (AR)

(/usr/share/texmf-dist/tex/latex/caption/caption.sty
Package: caption 2018/10/06 v3.3-154 Customizing captions (AR)

(/usr/share/texmf-dist/tex/latex/caption/caption3.sty
Package: caption3 2018/09/12 v1.8c caption3 kernel (AR)
Package caption3 Info: TeX engine: e-TeX on input line 64.
\captionmargin=\dimen292
\captionmargin@=\dimen293
\captionwidth=\dimen294
\caption@tempdima=\dimen295
\caption@indent=\dimen296
\caption@parindent=\dimen297
\caption@hangindent=\dimen298
)
Package caption Info: KOMA-Script document class.
\c@caption@flags=\count441
\c@ContinuedFloat=\count442
Package caption Info: listings package is loaded.
Package caption Info: longtable package is loaded.

(/usr/share/texmf-dist/tex/latex/caption/ltcaption.sty
Package: ltcaption 2018/08/26 v1.4-95 longtable captions (AR)
))
\c@subfigure=\count443
\c@subtable=\count444
)
(/usr/share/texmf-dist/tex/latex/microtype/microtype.sty
Package: microtype 2018/01/14 v2.7a Micro-typographical refinements (RS)
\MT@toks=\toks43
\MT@count=\count445
LaTeX Info: Redefining \textls on input line 793.
\MT@outer@kern=\dimen299
LaTeX Info: Redefining \textmicrotypecontext on input line 1339.
\MT@listname@count=\count446

(/usr/share/texmf-dist/tex/latex/microtype/microtype-pdftex.def
File: microtype-pdftex.def 2018/01/14 v2.7a Definitions specific to pdftex (RS)

LaTeX Info: Redefining \lsstyle on input line 913.
LaTeX Info: Redefining \lslig on input line 913.
\MT@outer@space=\skip100
)
Package microtype Info: Loading configuration file microtype.cfg.

(/usr/share/texmf-dist/tex/latex/microtype/microtype.cfg
File: microtype.cfg 2018/01/14 v2.7a microtype main configuration file (RS)
))
(/usr/share/texmf-dist/tex/latex/was/gensymb.sty
Package: gensymb 2003/07/02 v1.0 (WaS)
)
(/usr/share/texmf-dist/tex/generic/pgf/frontendlayer/tikz/libraries/tikzlibrary
shapes.geometric.code.tex
File: tikzlibraryshapes.geometric.code.tex 2008/01/09 v3.0.1a (rcs-revision 1.1
)

(/usr/share/texmf-dist/tex/generic/pgf/libraries/shapes/pgflibraryshapes.geomet
ric.code.tex
File: pgflibraryshapes.geometric.code.tex 2008/06/26 v3.0.1a (rcs-revision 1.1)

))
(/usr/share/texmf-dist/tex/generic/pgf/frontendlayer/tikz/libraries/tikzlibrary
arrows.code.tex
File: tikzlibraryarrows.code.tex 2008/01/09 v3.0.1a (rcs-revision 1.1)

(/usr/share/texmf-dist/tex/generic/pgf/libraries/pgflibraryarrows.code.tex
File: pgflibraryarrows.code.tex 2013/09/23 v3.0.1a (rcs-revision 1.16)
\arrowsize=\dimen300
))
Package scrhack Info: hyperref hack deactivated because of
(scrhack)             detection of KOMA-Script class, that doesn't
(scrhack)             need that hack, on input line 36.

(/usr/share/texmf-dist/tex/latex/hyperref/hyperref.sty
Package: hyperref 2018/09/30 v6.88a Hypertext links for LaTeX

(/usr/share/texmf-dist/tex/generic/oberdiek/hobsub-hyperref.sty
Package: hobsub-hyperref 2016/05/16 v1.14 Bundle oberdiek, subset hyperref (HO)


(/usr/share/texmf-dist/tex/generic/oberdiek/hobsub-generic.sty
Package: hobsub-generic 2016/05/16 v1.14 Bundle oberdiek, subset generic (HO)
Package: hobsub 2016/05/16 v1.14 Construct package bundles (HO)
Package hobsub Info: Skipping package `infwarerr' (already loaded).
Package hobsub Info: Skipping package `ltxcmds' (already loaded).
Package hobsub Info: Skipping package `ifluatex' (already loaded).
Package: ifvtex 2016/05/16 v1.6 Detect VTeX and its facilities (HO)
Package ifvtex Info: VTeX not detected.
Package: intcalc 2016/05/16 v1.2 Expandable calculations with integers (HO)
Package hobsub Info: Skipping package `ifpdf' (already loaded).
Package hobsub Info: Skipping package `etexcmds' (already loaded).
Package hobsub Info: Skipping package `kvsetkeys' (already loaded).
Package: kvdefinekeys 2016/05/16 v1.4 Define keys (HO)
Package hobsub Info: Skipping package `pdftexcmds' (already loaded).
Package: pdfescape 2016/05/16 v1.14 Implements pdfTeX's escape features (HO)
Package: bigintcalc 2016/05/16 v1.4 Expandable calculations on big integers (HO
)
Package: bitset 2016/05/16 v1.2 Handle bit-vector datatype (HO)
Package: uniquecounter 2016/05/16 v1.3 Provide unlimited unique counter (HO)
)
Package hobsub Info: Skipping package `hobsub' (already loaded).
Package: letltxmacro 2016/05/16 v1.5 Let assignment for LaTeX macros (HO)
Package: hopatch 2016/05/16 v1.3 Wrapper for package hooks (HO)
Package: xcolor-patch 2016/05/16 xcolor patch
Package: atveryend 2016/05/16 v1.9 Hooks at the very end of document (HO)
Package: atbegshi 2016/06/09 v1.18 At begin shipout hook (HO)
Package: refcount 2016/05/16 v3.5 Data extraction from label references (HO)
Package: hycolor 2016/05/16 v1.8 Color options for hyperref/bookmark (HO)
)
(/usr/share/texmf-dist/tex/generic/ifxetex/ifxetex.sty
Package: ifxetex 2010/09/12 v0.6 Provides ifxetex conditional
)
(/usr/share/texmf-dist/tex/latex/oberdiek/auxhook.sty
Package: auxhook 2016/05/16 v1.4 Hooks for auxiliary files (HO)
)
\@linkdim=\dimen301
\Hy@linkcounter=\count447
\Hy@pagecounter=\count448

(/usr/share/texmf-dist/tex/latex/hyperref/pd1enc.def
File: pd1enc.def 2018/09/30 v6.88a Hyperref: PDFDocEncoding definition (HO)
Now handling font encoding PD1 ...
... no UTF-8 mapping file for font encoding PD1
)
\Hy@SavedSpaceFactor=\count449

(/usr/share/texmf-dist/tex/latex/latexconfig/hyperref.cfg
File: hyperref.cfg 2002/06/06 v1.2 hyperref configuration of TeXLive
)
Package hyperref Info: Hyper figures OFF on input line 4535.
Package hyperref Info: Link nesting OFF on input line 4540.
Package hyperref Info: Hyper index ON on input line 4543.
Package hyperref Info: Plain pages OFF on input line 4550.
Package hyperref Info: Backreferencing OFF on input line 4555.
Package hyperref Info: Implicit mode ON; LaTeX internals redefined.
Package hyperref Info: Bookmarks ON on input line 4788.
\c@Hy@tempcnt=\count450
LaTeX Info: Redefining \url on input line 5141.
\XeTeXLinkMargin=\dimen302
\Fld@menulength=\count451
\Field@Width=\dimen303
\Fld@charsize=\dimen304
Package hyperref Info: Hyper figures OFF on input line 6396.
Package hyperref Info: Link nesting OFF on input line 6401.
Package hyperref Info: Hyper index ON on input line 6404.
Package hyperref Info: backreferencing OFF on input line 6411.
Package hyperref Info: Link coloring OFF on input line 6416.
Package hyperref Info: Link coloring with OCG OFF on input line 6421.
Package hyperref Info: PDF/A mode OFF on input line 6426.
LaTeX Info: Redefining \ref on input line 6466.
LaTeX Info: Redefining \pageref on input line 6470.
\Hy@abspage=\count452
\c@Item=\count453
\c@Hfootnote=\count454
)
Package hyperref Info: Driver (autodetected): hpdftex.

(/usr/share/texmf-dist/tex/latex/hyperref/hpdftex.def
File: hpdftex.def 2018/09/30 v6.88a Hyperref driver for pdfTeX
\Fld@listcount=\count455
\c@bookmark@seq@number=\count456

(/usr/share/texmf-dist/tex/latex/oberdiek/rerunfilecheck.sty
Package: rerunfilecheck 2016/05/16 v1.8 Rerun checks for auxiliary files (HO)
Package uniquecounter Info: New unique counter `rerunfilecheck' on input line 2
82.
)
\Hy@SectionHShift=\skip101
)
Package tocbasic Info: defining new hook before heading of `toc' on input line 
43.
)
Package csquotes Info: Checking for multilingual support...
Package csquotes Info: ... found 'babel' package.
Package biblatex Info: Trying to load language 'american'...
Package biblatex Info: ... file 'american.lbx' found.

(/usr/share/texmf-dist/tex/latex/biblatex/lbx/american.lbx
File: american.lbx 2018/11/02 v3.12 biblatex localization (PK/MW)
Package biblatex Info: Trying to load language 'english'...
Package biblatex Info: ... file 'english.lbx' found.

(/usr/share/texmf-dist/tex/latex/biblatex/lbx/english.lbx
File: english.lbx 2018/11/02 v3.12 biblatex localization (PK/MW)
)
Package biblatex Info: Trying to load language 'english'...
Package biblatex Info: ... file 'english.lbx' found.

(/usr/share/texmf-dist/tex/latex/biblatex/lbx/english.lbx
File: english.lbx 2018/11/02 v3.12 biblatex localization (PK/MW)
))
Package biblatex Info: Trying to load language 'ngerman'...
Package biblatex Info: ... file 'ngerman.lbx' found.

(/usr/share/texmf-dist/tex/latex/biblatex/lbx/ngerman.lbx
File: ngerman.lbx 2018/11/02 v3.12 biblatex localization (PK/MW)
Package biblatex Info: Trying to load language 'german'...
Package biblatex Info: ... file 'german.lbx' found.

(/usr/share/texmf-dist/tex/latex/biblatex/lbx/german.lbx
File: german.lbx 2018/11/02 v3.12 biblatex localization (PK/MW)
)
Package biblatex Info: Trying to load language 'german'...
Package biblatex Info: ... file 'german.lbx' found.

(/usr/share/texmf-dist/tex/latex/biblatex/lbx/german.lbx
File: german.lbx 2018/11/02 v3.12 biblatex localization (PK/MW)
)) (./main.aux)
\openout1 = `main.aux'.

LaTeX Font Info:    Checking defaults for OML/cmm/m/it on input line 22.
LaTeX Font Info:    ... okay on input line 22.
LaTeX Font Info:    Checking defaults for T1/cmr/m/n on input line 22.
LaTeX Font Info:    ... okay on input line 22.
LaTeX Font Info:    Checking defaults for OT1/cmr/m/n on input line 22.
LaTeX Font Info:    ... okay on input line 22.
LaTeX Font Info:    Checking defaults for OMS/cmsy/m/n on input line 22.
LaTeX Font Info:    ... okay on input line 22.
LaTeX Font Info:    Checking defaults for OMX/cmex/m/n on input line 22.
LaTeX Font Info:    ... okay on input line 22.
LaTeX Font Info:    Checking defaults for U/cmr/m/n on input line 22.
LaTeX Font Info:    ... okay on input line 22.
LaTeX Font Info:    Checking defaults for PD1/pdf/m/n on input line 22.
LaTeX Font Info:    ... okay on input line 22.
LaTeX Font Info:    Try loading font information for T1+pplx on input line 22.

(/usr/share/texmf-dist/tex/latex/psnfss/t1pplx.fd
File: t1pplx.fd 2004/09/06 font definitions for T1/pplx.
)
Package nag Info: pgf.sty is broken: disabling dollar check on input line 22.
Package nag Info: Command \RaggedLeft not defined, skipping amendment on input 
line 22.
Package nag Info: Command \RaggedRight not defined, skipping amendment on input
 line 22.
Package biblatex Info: Input encoding 'utf8' detected.
Package biblatex Info: Automatic encoding selection.
(biblatex)             Assuming data encoding 'utf8'.
\openout3 = `main.bcf'.

Package biblatex Info: Trying to load bibliographic data...
Package biblatex Info: ... file 'main.bbl' found.
 (./main.bbl)
Package biblatex Info: Reference section=0 on input line 22.
Package biblatex Info: Reference segment=0 on input line 22.

(/usr/share/texmf-dist/tex/context/base/mkii/supp-pdf.mkii
[Loading MPS to PDF converter (version 2006.09.02).]
\scratchcounter=\count457
\scratchdimen=\dimen305
\scratchbox=\box65
\nofMPsegments=\count458
\nofMParguments=\count459
\everyMPshowfont=\toks44
\MPscratchCnt=\count460
\MPscratchDim=\dimen306
\MPnumerator=\count461
\makeMPintoPDFobject=\count462
\everyMPtoPDFconversion=\toks45
) (/usr/share/texmf-dist/tex/latex/oberdiek/epstopdf-base.sty
Package: epstopdf-base 2016/05/15 v2.6 Base part for package epstopdf

(/usr/share/texmf-dist/tex/latex/oberdiek/grfext.sty
Package: grfext 2016/05/16 v1.2 Manage graphics extensions (HO)
)
Package epstopdf-base Info: Redefining graphics rule for `.eps' on input line 4
38.
Package grfext Info: Graphics extension search list:
(grfext)             [.pdf,.png,.jpg,.mps,.jpeg,.jbig2,.jb2,.PDF,.PNG,.JPG,.JPE
G,.JBIG2,.JB2,.eps]
(grfext)             \AppendGraphicsExtensions on input line 456.

(/usr/share/texmf-dist/tex/latex/latexconfig/epstopdf-sys.cfg
File: epstopdf-sys.cfg 2010/07/13 v1.3 Configuration of (r)epstopdf for TeX Liv
e
))
\c@lstlisting=\count463
Package scrhack Info: undefining \float@addtolists on input line 22.

ABD: EveryShipout initializing macros
Package pgfplots notification 'compat/show suggested version=true': document ha
s been generated with the most recent feature set (\pgfplotsset{compat=1.16}).

Package caption Info: Begin \AtBeginDocument code.
Package caption Info: hyperref package is loaded.
Package caption Info: End \AtBeginDocument code.
LaTeX Info: Redefining \microtypecontext on input line 22.
Package microtype Info: Generating PDF output.
Package microtype Info: Character protrusion enabled (level 2).
Package microtype Info: Using default protrusion set `alltext'.
Package microtype Info: Automatic font expansion enabled (level 2),
(microtype)             stretch: 20, shrink: 20, step: 1, non-selected.
Package microtype Info: Using default expansion set `basictext'.
Package microtype Info: No adjustment of tracking.
Package microtype Info: No adjustment of interword spacing.
Package microtype Info: No adjustment of character kerning.
(/usr/share/texmf-dist/tex/latex/microtype/mt-ppl.cfg
File: mt-ppl.cfg 2005/11/16 v1.6 microtype config. file: Palatino (RS)
)
LaTeX Info: Redefining \celsius on input line 22.
Package gensymb Info: Faking symbols for \degree and \celsius on input line 22.



Package gensymb Warning: Not defining \perthousand.

LaTeX Info: Redefining \ohm on input line 22.
Package gensymb Info: Using \upOmega for \ohm on input line 22.

Package gensymb Warning: Not defining \micro.

\AtBeginShipoutBox=\box66
Package hyperref Info: Link coloring OFF on input line 22.
(/usr/share/texmf-dist/tex/latex/hyperref/nameref.sty
Package: nameref 2016/05/21 v2.44 Cross-referencing by name of section

(/usr/share/texmf-dist/tex/generic/oberdiek/gettitlestring.sty
Package: gettitlestring 2016/05/16 v1.5 Cleanup title references (HO)
)
\c@section@level=\count464
)
LaTeX Info: Redefining \ref on input line 22.
LaTeX Info: Redefining \pageref on input line 22.
LaTeX Info: Redefining \nameref on input line 22.
 (./main.out)
(./main.out)
\@outlinefile=\write5
\openout5 = `main.out'.

Package nag Info: Command \hc@caption not defined, skipping amendment on input 
line 22.
Package nag Info: Command \topcaption not defined, skipping amendment on input 
line 22.
 (./pages/cover.tex
<logos/tum.png, id=187, 803.0pt x 562.1pt>
File: logos/tum.png Graphic file (type png)
<use logos/tum.png>
Package pdftex.def Info: logos/tum.png  used on input line 16.
(pdftex.def)             Requested size: 243.87929pt x 170.71652pt.
LaTeX Font Info:    Font shape `T1/pplx/bx/n' in size <10.95> not available
(Font)              Font shape `T1/pplx/b/n' tried instead on input line 19.
LaTeX Font Info:    Font shape `T1/pplx/bx/n' in size <14.4> not available
(Font)              Font shape `T1/pplx/b/n' tried instead on input line 19.
LaTeX Font Info:    Font shape `T1/pplx/bx/n' in size <20.74> not available
(Font)              Font shape `T1/pplx/b/n' tried instead on input line 28.
<logos/faculty.jpg, id=188, 200.75pt x 200.75pt>
File: logos/faculty.jpg Graphic file (type jpg)
<use logos/faculty.jpg>
Package pdftex.def Info: logos/faculty.jpg  used on input line 36.
(pdftex.def)             Requested size: 56.90495pt x 56.9055pt.
 [1



{/var/lib/texmf/fonts/map/pdftex/updmap/pdftex.map} <./logos/tum.png (PNG copy)
> <./logos/faculty.jpg>]) (./pages/title.tex
File: logos/tum.png Graphic file (type png)
<use logos/tum.png>
Package pdftex.def Info: logos/tum.png  used on input line 8.
(pdftex.def)             Requested size: 162.5821pt x 113.81102pt.
LaTeX Font Info:    Try loading font information for OT1+pplx on input line 26.


(/usr/share/texmf-dist/tex/latex/psnfss/ot1pplx.fd
File: ot1pplx.fd 2004/09/06 font definitions for OT1/pplx.
)
LaTeX Font Info:    Try loading font information for OML+zplm on input line 26.


(/usr/share/texmf-dist/tex/latex/psnfss/omlzplm.fd
File: omlzplm.fd 2002/09/08 Fontinst v1.914 font definitions for OML/zplm.
)
LaTeX Font Info:    Try loading font information for OMS+zplm on input line 26.


(/usr/share/texmf-dist/tex/latex/psnfss/omszplm.fd
File: omszplm.fd 2002/09/08 Fontinst v1.914 font definitions for OMS/zplm.
)
LaTeX Font Info:    Try loading font information for OMX+zplm on input line 26.


(/usr/share/texmf-dist/tex/latex/psnfss/omxzplm.fd
File: omxzplm.fd 2002/09/08 Fontinst v1.914 font definitions for OMX/zplm.
)
LaTeX Font Info:    Try loading font information for OT1+zplm on input line 26.


(/usr/share/texmf-dist/tex/latex/psnfss/ot1zplm.fd
File: ot1zplm.fd 2002/09/08 Fontinst v1.914 font definitions for OT1/zplm.
)
Package microtype Info: Loading generic protrusion settings for font family
(microtype)             `zplm' (encoding: OT1).
(microtype)             For optimal results, create family-specific settings.
(microtype)             See the microtype manual for details.
 [1



])
(./pages/disclaimer.tex [2]) (./pages/acknowledgments.tex)
(./pages/abstract.tex
chapter without number
) [3






]
Package tocbasic Info: character protrusion at toc deactivated on input line 34
.
 (./main.toc [4




])
\tf@toc=\write6
\openout6 = `main.toc'.

LaTeX Font Info:    Font shape `T1/pplx/m/sl' in size <10.95> not available
(Font)              Font shape `T1/pplx/m/it' tried instead on input line 36.
 [5] (./chapters/01_introduction.tex
chapter 1.
) (./chapters/02_theoretical_background.tex [1



]
chapter 2.
[2


] [3]
LaTeX Font Info:    Try loading font information for U+fplmbb on input line 26.

 (/usr/share/texmf-dist/tex/latex/psnfss/ufplmbb.fd
File: ufplmbb.fd 2003/10/30 Fontinst v1.914 font definitions for U/fplmbb.
) [4]
LaTeX Font Info:    Font shape `T1/pplx/bx/n' in size <12> not available
(Font)              Font shape `T1/pplx/b/n' tried instead on input line 49.
 [5] [6]
[7]) (./chapters/03_methodology.tex [8]
chapter 3.
[9


]
<./figures/dvsSensor.png, id=379, 111.5367pt x 53.7207pt>
File: ./figures/dvsSensor.png Graphic file (type png)
<use ./figures/dvsSensor.png>
Package pdftex.def Info: ./figures/dvsSensor.png  used on input line 23.
(pdftex.def)             Requested size: 167.30461pt x 80.58084pt.
<./figures/dvsEyeFrame.png, id=380, 35.8941pt x 36.135pt>
File: ./figures/dvsEyeFrame.png Graphic file (type png)
<use ./figures/dvsEyeFrame.png>
Package pdftex.def Info: ./figures/dvsEyeFrame.png  used on input line 27.
(pdftex.def)             Requested size: 53.84099pt x 54.20233pt.
<./figures/dvsPersonFrame.png, id=381, 36.135pt x 36.135pt>
File: ./figures/dvsPersonFrame.png Graphic file (type png)
<use ./figures/dvsPersonFrame.png>
Package pdftex.def Info: ./figures/dvsPersonFrame.png  used on input line 31.
(pdftex.def)             Requested size: 54.20233pt x 54.20233pt.
<./figures/dvsDrivingScene.png, id=382, 35.6532pt x 36.135pt>
File: ./figures/dvsDrivingScene.png Graphic file (type png)
<use ./figures/dvsDrivingScene.png>
Package pdftex.def Info: ./figures/dvsDrivingScene.png  used on input line 35.
(pdftex.def)             Requested size: 53.47963pt x 54.20233pt.


LaTeX Warning: No positions in optional float specifier.
               Default added (so using `tbp') on input line 42.

[10 <./figures/dvsSensor.png> <./figures/dvsEyeFrame.png> <./figures/dvsPersonF
rame.png> <./figures/dvsDrivingScene.png>]
<./figures/dvsDifferencesRealVsSim.png, id=406, 197.538pt x 134.4222pt>
File: ./figures/dvsDifferencesRealVsSim.png Graphic file (type png)
<use ./figures/dvsDifferencesRealVsSim.png>
Package pdftex.def Info: ./figures/dvsDifferencesRealVsSim.png  used on input l
ine 62.
(pdftex.def)             Requested size: 197.5375pt x 134.42186pt.
<./figures/dvsSimFrame.png, id=410, 164.13864pt x 159.23898pt>
File: ./figures/dvsSimFrame.png Graphic file (type png)
<use ./figures/dvsSimFrame.png>
Package pdftex.def Info: ./figures/dvsSimFrame.png  used on input line 70.
(pdftex.def)             Requested size: 131.31108pt x 127.39134pt.


LaTeX Warning: `h' float specifier changed to `ht'.

[11 <./figures/dvsDifferencesRealVsSim.png>]
<./figures/acm-r5.png, id=424, 2212.95724pt x 754.017pt>
File: ./figures/acm-r5.png Graphic file (type png)
<use ./figures/acm-r5.png>
Package pdftex.def Info: ./figures/acm-r5.png  used on input line 93.
(pdftex.def)             Requested size: 221.30869pt x 75.40611pt.


Package nag Warning: `center' environment in figure.
(nag)                Maybe you want \centering instead on input line 95.

[12 <./figures/dvsSimFrame.png (PNG copy)>]
<./figures/dvsAndProxyConfig.png, id=436, 182.8431pt x 72.5109pt>
File: ./figures/dvsAndProxyConfig.png Graphic file (type png)
<use ./figures/dvsAndProxyConfig.png>
Package pdftex.def Info: ./figures/dvsAndProxyConfig.png  used on input line 10
5.
(pdftex.def)             Requested size: 182.84264pt x 72.5107pt.


Package nag Warning: `center' environment in figure.
(nag)                Maybe you want \centering instead on input line 107.


LaTeX Warning: `h' float specifier changed to `ht'.

[13 <./figures/acm-r5.png (PNG copy)> <./figures/dvsAndProxyConfig.png>]
<./figures/vrepScenario1.png, id=449, 174.4116pt x 165.4983pt>
File: ./figures/vrepScenario1.png Graphic file (type png)
<use ./figures/vrepScenario1.png>
Package pdftex.def Info: ./figures/vrepScenario1.png  used on input line 152.
(pdftex.def)             Requested size: 174.41118pt x 165.49788pt.


Package nag Warning: `center' environment in figure.
(nag)                Maybe you want \centering instead on input line 154.


LaTeX Warning: `h' float specifier changed to `ht'.

[14]
<./figures/vrepScenario2.png, id=459, 193.6836pt x 166.7028pt>
File: ./figures/vrepScenario2.png Graphic file (type png)
<use ./figures/vrepScenario2.png>
Package pdftex.def Info: ./figures/vrepScenario2.png  used on input line 162.
(pdftex.def)             Requested size: 193.6831pt x 166.70238pt.


Package nag Warning: `center' environment in figure.
(nag)                Maybe you want \centering instead on input line 164.

[15 <./figures/vrepScenario1.png> <./figures/vrepScenario2.png>]
<./figures/DvsSimFrameGrid.png, id=472, 80.4606pt x 81.6651pt>
File: ./figures/DvsSimFrameGrid.png Graphic file (type png)
<use ./figures/DvsSimFrameGrid.png>
Package pdftex.def Info: ./figures/DvsSimFrameGrid.png  used on input line 198.

(pdftex.def)             Requested size: 160.9208pt x 163.32977pt.
<./figures/networkConfig.png, id=473, 132.2541pt x 190.5519pt>
File: ./figures/networkConfig.png Graphic file (type png)
<use ./figures/networkConfig.png>
Package pdftex.def Info: ./figures/networkConfig.png  used on input line 202.
(pdftex.def)             Requested size: 112.4165pt x 161.96985pt.
 [16] [17 <./figures/DvsSimFrameGrid.png> <./figures/networkConfig.png>]
<./figures/centerReward.png, id=491, 165.0165pt x 65.2839pt>
File: ./figures/centerReward.png Graphic file (type png)
<use ./figures/centerReward.png>
Package pdftex.def Info: ./figures/centerReward.png  used on input line 237.
(pdftex.def)             Requested size: 165.01607pt x 65.28374pt.
<./figures/areaReward.png, id=492, 169.1118pt x 71.3064pt>
File: ./figures/areaReward.png Graphic file (type png)
<use ./figures/areaReward.png>
Package pdftex.def Info: ./figures/areaReward.png  used on input line 241.
(pdftex.def)             Requested size: 169.11137pt x 71.3062pt.

Overfull \hbox (1.8117pt too wide) in paragraph at lines 241--242
[][] 
 []

[18]
<./figures/controllerArch.png, id=509, 963.6pt x 722.7pt>
File: ./figures/controllerArch.png Graphic file (type png)
<use ./figures/controllerArch.png>
Package pdftex.def Info: ./figures/controllerArch.png  used on input line 258.
(pdftex.def)             Requested size: 289.08223pt x 216.81166pt.


LaTeX Warning: `h' float specifier changed to `ht'.

<./figures/controlFlow.png, id=510, 673.51625pt x 1265.72874pt>
File: ./figures/controlFlow.png Graphic file (type png)
<use ./figures/controlFlow.png>
Package pdftex.def Info: ./figures/controlFlow.png  used on input line 264.
(pdftex.def)             Requested size: 202.05643pt x 379.72156pt.

LaTeX Warning: `h' float specifier changed to `ht'.

) (./chapters/04_discussion.tex [19 <./figures/centerReward.png> <./figures/are
aReward.png>] [20 <./figures/controllerArch.png>] [21 <./figures/controlFlow.pn
g>]
chapter 4.
[22


]
<./figures/ARMCENTERWEIGHTS.png, id=546, 576.7146pt x 574.5465pt>
File: ./figures/ARMCENTERWEIGHTS.png Graphic file (type png)
<use ./figures/ARMCENTERWEIGHTS.png>
Package pdftex.def Info: ./figures/ARMCENTERWEIGHTS.png  used on input line 19.

(pdftex.def)             Requested size: 461.3723pt x 459.63782pt.

Overfull \hbox (43.11674pt too wide) in paragraph at lines 19--20
 [][] 
 []


LaTeX Warning: `h' float specifier changed to `ht'.

<./figures/ARMCENTERTESTWEIGHTS.png, id=547, 576.7146pt x 574.5465pt>
File: ./figures/ARMCENTERTESTWEIGHTS.png Graphic file (type png)
<use ./figures/ARMCENTERTESTWEIGHTS.png>
Package pdftex.def Info: ./figures/ARMCENTERTESTWEIGHTS.png  used on input line
 24.
(pdftex.def)             Requested size: 461.3723pt x 459.63782pt.

Overfull \hbox (43.11674pt too wide) in paragraph at lines 24--25
 [][] 
 []


LaTeX Warning: `h' float specifier changed to `ht'.

<./figures/ARMAREAWEIGHTS.png, id=553, 576.7146pt x 574.5465pt>
File: ./figures/ARMAREAWEIGHTS.png Graphic file (type png)
<use ./figures/ARMAREAWEIGHTS.png>
Package pdftex.def Info: ./figures/ARMAREAWEIGHTS.png  used on input line 35.
(pdftex.def)             Requested size: 461.3723pt x 459.63782pt.

Overfull \hbox (43.11674pt too wide) in paragraph at lines 35--36
 [][] 
 []


LaTeX Warning: `h' float specifier changed to `ht'.

<./figures/ARMAREATESTWEIGHTS.png, id=554, 576.7146pt x 574.5465pt>
File: ./figures/ARMAREATESTWEIGHTS.png Graphic file (type png)
<use ./figures/ARMAREATESTWEIGHTS.png>
Package pdftex.def Info: ./figures/ARMAREATESTWEIGHTS.png  used on input line 4
0.
(pdftex.def)             Requested size: 461.3723pt x 459.63782pt.

Overfull \hbox (43.11674pt too wide) in paragraph at lines 40--41
 [][] 
 []


LaTeX Warning: `h' float specifier changed to `ht'.

<./figures/MRMCENTERWEIGHTS.png, id=561, 576.7146pt x 574.5465pt>
File: ./figures/MRMCENTERWEIGHTS.png Graphic file (type png)
<use ./figures/MRMCENTERWEIGHTS.png>
Package pdftex.def Info: ./figures/MRMCENTERWEIGHTS.png  used on input line 50.

(pdftex.def)             Requested size: 461.3723pt x 459.63782pt.

Overfull \hbox (43.11674pt too wide) in paragraph at lines 50--51
 [][] 
 []


LaTeX Warning: `h' float specifier changed to `ht'.

<./figures/MRMCENTERTESTWEIGHTS.png, id=562, 576.7146pt x 574.5465pt>
File: ./figures/MRMCENTERTESTWEIGHTS.png Graphic file (type png)
<use ./figures/MRMCENTERTESTWEIGHTS.png>
Package pdftex.def Info: ./figures/MRMCENTERTESTWEIGHTS.png  used on input line
 55.
(pdftex.def)             Requested size: 461.3723pt x 459.63782pt.

Overfull \hbox (43.11674pt too wide) in paragraph at lines 55--56
 [][] 
 []


LaTeX Warning: `h' float specifier changed to `ht'.

<./figures/MRMAREAWEIGHTS.png, id=563, 576.7146pt x 574.5465pt>
File: ./figures/MRMAREAWEIGHTS.png Graphic file (type png)
<use ./figures/MRMAREAWEIGHTS.png>
Package pdftex.def Info: ./figures/MRMAREAWEIGHTS.png  used on input line 62.
(pdftex.def)             Requested size: 461.3723pt x 459.63782pt.

Overfull \hbox (43.11674pt too wide) in paragraph at lines 62--63
 [][] 
 []


LaTeX Warning: `h' float specifier changed to `ht'.

<./figures/MRMAREATESTWEIGHTS.png, id=564, 576.7146pt x 574.5465pt>
File: ./figures/MRMAREATESTWEIGHTS.png Graphic file (type png)
<use ./figures/MRMAREATESTWEIGHTS.png>
Package pdftex.def Info: ./figures/MRMAREATESTWEIGHTS.png  used on input line 6
7.
(pdftex.def)             Requested size: 461.3723pt x 459.63782pt.

Overfull \hbox (43.11674pt too wide) in paragraph at lines 67--68
 [][] 
 []


LaTeX Warning: `h' float specifier changed to `ht'.

[23]
<./figures/ARMCENTERREWARD.png, id=578, 574.5465pt x 224.037pt>
File: ./figures/ARMCENTERREWARD.png Graphic file (type png)
<use ./figures/ARMCENTERREWARD.png>
Package pdftex.def Info: ./figures/ARMCENTERREWARD.png  used on input line 79.
(pdftex.def)             Requested size: 287.27254pt x 112.01822pt.

Overfull \hbox (78.14476pt too wide) in paragraph at lines 79--80
 [][] 
 []

<./figures/ARMAREAREWARD.png, id=579, 576.7146pt x 221.8689pt>
File: ./figures/ARMAREAREWARD.png Graphic file (type png)
<use ./figures/ARMAREAREWARD.png>
Package pdftex.def Info: ./figures/ARMAREAREWARD.png  used on input line 84.
(pdftex.def)             Requested size: 288.35658pt x 110.93417pt.

Overfull \hbox (79.2288pt too wide) in paragraph at lines 84--85
 [][] 
 []

<./figures/MRMCENTERREWARD.png, id=580, 574.5465pt x 225.4824pt>
File: ./figures/MRMCENTERREWARD.png Graphic file (type png)
<use ./figures/MRMCENTERREWARD.png>
Package pdftex.def Info: ./figures/MRMCENTERREWARD.png  used on input line 89.
(pdftex.def)             Requested size: 287.27254pt x 112.74092pt.

Overfull \hbox (78.14476pt too wide) in paragraph at lines 89--90
 [][] 
 []

<./figures/MRMAREAREWARD.png, id=581, 576.7146pt x 223.3143pt>
File: ./figures/MRMAREAREWARD.png Graphic file (type png)
<use ./figures/MRMAREAREWARD.png>
Package pdftex.def Info: ./figures/MRMAREAREWARD.png  used on input line 94.
(pdftex.def)             Requested size: 288.35658pt x 111.65686pt.

Overfull \hbox (79.2288pt too wide) in paragraph at lines 94--95
 [][] 
 []


LaTeX Warning: Float too large for page by 22.59013pt on input line 99.

) (./chapters/05_conclussion.tex [24] [25 <./figures/ARMCENTERWEIGHTS.png>]
[26 <./figures/ARMCENTERTESTWEIGHTS.png>] [27 <./figures/ARMAREAWEIGHTS.png>]
[28 <./figures/ARMAREATESTWEIGHTS.png>] [29 <./figures/MRMCENTERWEIGHTS.png>]
[30 <./figures/MRMCENTERTESTWEIGHTS.png>] [31 <./figures/MRMAREAWEIGHTS.png>]
[32 <./figures/MRMAREATESTWEIGHTS.png>] [33 <./figures/ARMCENTERREWARD.png> <./
figures/ARMAREAREWARD.png> <./figures/MRMCENTERREWARD.png> <./figures/MRMAREARE
WARD.png>]
chapter 5.
) [34


]
Package tocbasic Info: character protrusion at lof deactivated on input line 48
.
 (./main.lof)
\tf@lof=\write7
\openout7 = `main.lof'.

 [35


] [36]
Package tocbasic Info: character protrusion at lot deactivated on input line 49
.
 (./main.lot)
\tf@lot=\write8
\openout8 = `main.lot'.

 [37


]
chapter without number
Package microtype Info: Character `029' is missing
(microtype)             in font `T1/pplx/m/sc/10.95'.
(microtype)             Ignoring protrusion settings for this character.
LaTeX Font Info:    Try loading font information for T1+cmtt on input line 51.
(/usr/share/texmf-dist/tex/latex/base/t1cmtt.fd
File: t1cmtt.fd 2014/09/29 v2.5h Standard LaTeX font definitions
)
Package microtype Info: Loading generic protrusion settings for font family
(microtype)             `cmtt' (encoding: T1).
(microtype)             For optimal results, create family-specific settings.
(microtype)             See the microtype manual for details.
 [38


] [39]
Overfull \hbox (29.56569pt too wide) in paragraph at lines 51--51
[]\T1/pplx/m/n/10.95 (-20) C. Robotics. \T1/pplx/m/it/10.95 (-20) V-REP\T1/pplx
/m/n/10.95 (-20) . Jan. 2019, Ac-cessed 14.01.2019. \T1/pplx/m/sc/10.95 (-20) u
rl\T1/pplx/m/n/10.95 (-20) : []$\T1/cmtt/m/n/10.95 http : / / www . coppeliarob
otics .
 []

[40]

Package nag Warning: 4 complaints in total.

[41]
Package atveryend Info: Empty hook `BeforeClearDocument' on input line 53.
Package atveryend Info: Empty hook `AfterLastShipout' on input line 53.
 (./main.aux)
Package atveryend Info: Executing hook `AtVeryEndDocument' on input line 53.
Package atveryend Info: Executing hook `AtEndAfterFileList' on input line 53.
Package rerunfilecheck Info: File `main.out' has not changed.
(rerunfilecheck)             Checksum: A77A3366B9D7E031AFD2C2FF69CE3A79;3154.
Package logreq Info: Writing requests to 'main.run.xml'.
\openout1 = `main.run.xml'.

 ) 
Here is how much of TeX's memory you used:
 52633 strings out of 492639
 1151986 string characters out of 6135497
 1843069 words of memory out of 5000000
 55224 multiletter control sequences out of 15000+600000
 593905 words of font info for 330 fonts, out of 8000000 for 9000
 1143 hyphenation exceptions out of 8191
 81i,17n,136p,9083b,2903s stack positions out of 5000i,500n,10000p,200000b,80000s
pdfTeX warning (dest): name{AMS.7} has been referenced but does not exist, re
placed by a fixed one

{/usr/share/texmf-dist/fonts/enc/dvips/cm-super/cm-super-t1.enc}{/usr/share/tex
mf-dist/fonts/enc/dvips/base/8r.enc}</usr/share/texmf-dist/fonts/type1/public/a
msfonts/cm/cmmi10.pfb></usr/share/texmf-dist/fonts/type1/public/amsfonts/cm/cmr
10.pfb></usr/share/texmf-dist/fonts/type1/public/amsfonts/cm/cmsy10.pfb></usr/s
hare/texmf-dist/fonts/type1/public/mathpazo/fplmbb.pfb></usr/share/texmf-dist/f
onts/type1/public/mathpazo/fplmr.pfb></usr/share/texmf-dist/fonts/type1/public/
mathpazo/fplmri.pfb></usr/share/texmf-dist/fonts/type1/public/fpl/fplrc8a.pfb><
/usr/share/texmf-dist/fonts/type1/public/cm-super/sftt1095.pfb></usr/share/texm
f-dist/fonts/type1/urw/palatino/uplb8a.pfb></usr/share/texmf-dist/fonts/type1/u
rw/palatino/uplr8a.pfb></usr/share/texmf-dist/fonts/type1/urw/palatino/uplri8a.
pfb>
Output written on main.pdf (47 pages, 4409324 bytes).
PDF statistics:
 839 PDF objects out of 1000 (max. 8388607)
 712 compressed objects within 8 object streams
 167 named destinations out of 1000 (max. 500000)
 39947 words of extra memory for PDF output out of 42996 (max. 10000000)

